2019-07-08 15:57:28,311 INFO o.a.j.u.JMeterUtils: Setting Locale to en_US
2019-07-08 15:57:28,339 INFO o.a.j.JMeter: Loading system properties from: system.properties
2019-07-08 15:57:28,339 INFO o.a.j.JMeter: Setting System property: sun.net.http.allowRestrictedHeaders=true
2019-07-08 15:57:28,347 INFO o.a.j.JMeter: Copyright (c) 1998-2019 The Apache Software Foundation
2019-07-08 15:57:28,347 INFO o.a.j.JMeter: Version 5.1.1 r1855137
2019-07-08 15:57:28,347 INFO o.a.j.JMeter: java.version=12.0.1
2019-07-08 15:57:28,347 INFO o.a.j.JMeter: java.vm.name=Java HotSpot(TM) 64-Bit Server VM
2019-07-08 15:57:28,347 INFO o.a.j.JMeter: os.name=Windows 10
2019-07-08 15:57:28,347 INFO o.a.j.JMeter: os.arch=amd64
2019-07-08 15:57:28,347 INFO o.a.j.JMeter: os.version=10.0
2019-07-08 15:57:28,347 INFO o.a.j.JMeter: file.encoding=Cp1252
2019-07-08 15:57:28,347 INFO o.a.j.JMeter: java.awt.headless=true
2019-07-08 15:57:28,347 INFO o.a.j.JMeter: Max memory     =536870912
2019-07-08 15:57:28,347 INFO o.a.j.JMeter: Available Processors =4
2019-07-08 15:57:28,359 INFO o.a.j.JMeter: Default Locale=English (United States)
2019-07-08 15:57:28,359 INFO o.a.j.JMeter: JMeter  Locale=English (United States)
2019-07-08 15:57:28,359 INFO o.a.j.JMeter: JMeterHome=C:\pull\target\jmeter
2019-07-08 15:57:28,359 INFO o.a.j.JMeter: user.dir  =C:\pull\target\jmeter\bin
2019-07-08 15:57:28,363 INFO o.a.j.JMeter: PWD       =C:\pull\target\jmeter\bin
2019-07-08 15:57:32,878 INFO o.a.j.JMeter: IP: 10.0.75.1 Name: W7N11807 FullName: W7N11807.tdk.dk
2019-07-08 15:57:32,894 INFO o.a.j.s.FileServer: Default base='C:\pull\target\jmeter\bin'
2019-07-08 15:57:32,902 INFO o.a.j.s.FileServer: Set new base='C:\pull\target\jmeter\testFiles'
2019-07-08 15:57:33,143 INFO o.a.j.s.SaveService: Testplan (JMX) version: 2.2. Testlog (JTL) version: 2.2
2019-07-08 15:57:33,163 INFO o.a.j.s.SaveService: Using SaveService properties version 5.0
2019-07-08 15:57:33,171 INFO o.a.j.s.SaveService: Using SaveService properties file encoding UTF-8
2019-07-08 15:57:33,179 INFO o.a.j.s.SaveService: Loading file: C:\pull\target\jmeter\testFiles\Load.jmx
2019-07-08 15:57:33,213 INFO o.a.j.s.SampleResult: Note: Sample TimeStamps are START times
2019-07-08 15:57:33,213 INFO o.a.j.s.SampleResult: sampleresult.default.encoding is set to ISO-8859-1
2019-07-08 15:57:33,213 INFO o.a.j.s.SampleResult: sampleresult.useNanoTime=true
2019-07-08 15:57:33,213 INFO o.a.j.s.SampleResult: sampleresult.nanoThreadSleep=5000
2019-07-08 15:57:33,260 INFO o.a.j.p.h.s.HTTPSamplerBase: Parser for text/html is org.apache.jmeter.protocol.http.parser.LagartoBasedHtmlParser
2019-07-08 15:57:33,260 INFO o.a.j.p.h.s.HTTPSamplerBase: Parser for application/xhtml+xml is org.apache.jmeter.protocol.http.parser.LagartoBasedHtmlParser
2019-07-08 15:57:33,260 INFO o.a.j.p.h.s.HTTPSamplerBase: Parser for application/xml is org.apache.jmeter.protocol.http.parser.LagartoBasedHtmlParser
2019-07-08 15:57:33,260 INFO o.a.j.p.h.s.HTTPSamplerBase: Parser for text/xml is org.apache.jmeter.protocol.http.parser.LagartoBasedHtmlParser
2019-07-08 15:57:33,260 INFO o.a.j.p.h.s.HTTPSamplerBase: Parser for text/vnd.wap.wml is org.apache.jmeter.protocol.http.parser.RegexpHTMLParser
2019-07-08 15:57:33,260 INFO o.a.j.p.h.s.HTTPSamplerBase: Parser for text/css is org.apache.jmeter.protocol.http.parser.CssParser
2019-07-08 15:57:33,291 INFO o.a.j.JMeter: Creating summariser <summary>
2019-07-08 15:57:33,307 INFO o.a.j.e.StandardJMeterEngine: Running the test!
2019-07-08 15:57:33,322 INFO o.a.j.s.SampleEvent: List of sample_variables: []
2019-07-08 15:57:33,322 INFO o.a.j.s.SampleEvent: List of sample_variables: []
2019-07-08 15:57:33,338 INFO o.a.j.e.u.CompoundVariable: Note: Function class names must contain the string: '.functions.'
2019-07-08 15:57:33,338 INFO o.a.j.e.u.CompoundVariable: Note: Function class names must not contain the string: '.gui.'
2019-07-08 15:57:33,760 INFO o.a.j.JMeter: Running test (1562594253760)
2019-07-08 15:57:33,775 INFO o.a.j.e.StandardJMeterEngine: Starting ThreadGroup: 1 : ThreadGroup1
2019-07-08 15:57:33,775 INFO o.a.j.e.StandardJMeterEngine: Starting 2 threads for group ThreadGroup1.
2019-07-08 15:57:33,775 INFO o.a.j.e.StandardJMeterEngine: Thread will continue on error
2019-07-08 15:57:33,775 INFO o.a.j.t.ThreadGroup: Starting thread group... number=1 threads=2 ramp-up=1 delayedStart=false
2019-07-08 15:57:33,791 INFO o.a.j.t.ThreadGroup: Started thread group number 1
2019-07-08 15:57:33,791 INFO o.a.j.e.StandardJMeterEngine: Starting ThreadGroup: 2 : ThreadGroup2
2019-07-08 15:57:33,791 INFO o.a.j.e.StandardJMeterEngine: Starting 2 threads for group ThreadGroup2.
2019-07-08 15:57:33,791 INFO o.a.j.e.StandardJMeterEngine: Thread will continue on error
2019-07-08 15:57:33,791 INFO o.a.j.t.ThreadGroup: Starting thread group... number=2 threads=2 ramp-up=1 delayedStart=false
2019-07-08 15:57:33,791 INFO o.a.j.t.ThreadGroup: Started thread group number 2
2019-07-08 15:57:33,791 INFO o.a.j.e.StandardJMeterEngine: All thread groups have been started
2019-07-08 15:57:33,807 INFO o.a.j.t.JMeterThread: Thread started: ThreadGroup1 1-1
2019-07-08 15:57:33,809 INFO o.a.j.t.JMeterThread: Thread started: ThreadGroup2 2-1
2019-07-08 15:57:33,835 INFO o.a.j.p.h.s.HTTPHCAbstractImpl: Local host = W7N11807
2019-07-08 15:57:33,845 INFO o.a.j.p.h.s.HTTPHC4Impl: HTTP request retry count = 0
2019-07-08 15:57:34,235 INFO o.a.j.r.Summariser: summary +      1 in 00:00:00 =    2.1/s Avg:   243 Min:   243 Max:   243 Err:     0 (0.00%) Active: 2 Started: 2 Finished: 0
2019-07-08 15:57:34,293 INFO o.a.j.t.JMeterThread: Thread started: ThreadGroup1 1-2
2019-07-08 15:57:34,309 INFO o.a.j.t.JMeterThread: Thread started: ThreadGroup2 2-2
2019-07-08 15:57:34,405 INFO o.a.j.p.h.s.h.LazyLayeredConnectionSocketFactory: Setting up HTTPS TrustAll Socket Factory
2019-07-08 15:57:34,425 INFO o.a.j.u.JsseSSLManager: Using default SSL protocol: TLS
2019-07-08 15:57:34,429 INFO o.a.j.u.JsseSSLManager: SSL session context: per-thread
2019-07-08 15:57:36,462 INFO o.a.j.t.JMeterThread: Thread is done: ThreadGroup2 2-1
2019-07-08 15:57:36,462 INFO o.a.j.t.JMeterThread: Thread finished: ThreadGroup2 2-1
2019-07-08 15:57:36,603 INFO o.a.j.t.JMeterThread: Thread is done: ThreadGroup2 2-2
2019-07-08 15:57:36,603 INFO o.a.j.t.JMeterThread: Thread finished: ThreadGroup2 2-2
